<?xml version="1.0" encoding="UTF-8"?>
<!-- Generated by org.testng.reporters.JUnitXMLReporter -->
<testsuite ignored="0" hostname="DESKTOP-B7K6OT8" failures="0" tests="4" name="test1" time="0.059" errors="0" timestamp="05 May 2019 12:17:42 GMT">
  <testcase classname="sele1.sample.NewTest" name="f" time="0.013"/>
  <testcase classname="sele1.sample.NewTest1" name="f" time="0.001"/>
  <testcase classname="sele1.sample.NewTest2" name="f" time="0.001"/>
  <testcase classname="sele1.sample.NewTest3" name="f" time="0.001"/>
</testsuite> <!-- test1 -->
