<?xml version="1.0" encoding="UTF-8"?>
<testng-results ignored="0" total="4" passed="4" failed="0" skipped="0">
  <reporter-output>
  </reporter-output>
  <suite started-at="2019-05-05T12:17:41Z" name="Suite1" finished-at="2019-05-05T12:17:41Z" duration-ms="59">
    <groups>
    </groups>
    <test started-at="2019-05-05T12:17:41Z" name="test1" finished-at="2019-05-05T12:17:41Z" duration-ms="59">
      <class name="sele1.sample.NewTest">
        <test-method signature="f()[pri:0, instance:sele1.sample.NewTest@6db9f5a4]" started-at="2019-05-05T12:17:41Z" name="f" finished-at="2019-05-05T12:17:41Z" duration-ms="13" status="PASS">
          <reporter-output>
          </reporter-output>
        </test-method> <!-- f -->
      </class> <!-- sele1.sample.NewTest -->
      <class name="sele1.sample.NewTest3">
        <test-method signature="f()[pri:0, instance:sele1.sample.NewTest3@7a675056]" started-at="2019-05-05T12:17:41Z" name="f" finished-at="2019-05-05T12:17:41Z" duration-ms="1" status="PASS">
          <reporter-output>
          </reporter-output>
        </test-method> <!-- f -->
      </class> <!-- sele1.sample.NewTest3 -->
      <class name="sele1.sample.NewTest2">
        <test-method signature="f()[pri:0, instance:sele1.sample.NewTest2@15ca7889]" started-at="2019-05-05T12:17:41Z" name="f" finished-at="2019-05-05T12:17:41Z" duration-ms="1" status="PASS">
          <reporter-output>
          </reporter-output>
        </test-method> <!-- f -->
      </class> <!-- sele1.sample.NewTest2 -->
      <class name="sele1.sample.NewTest1">
        <test-method signature="f()[pri:0, instance:sele1.sample.NewTest1@3c0be339]" started-at="2019-05-05T12:17:41Z" name="f" finished-at="2019-05-05T12:17:41Z" duration-ms="1" status="PASS">
          <reporter-output>
          </reporter-output>
        </test-method> <!-- f -->
      </class> <!-- sele1.sample.NewTest1 -->
    </test> <!-- test1 -->
  </suite> <!-- Suite1 -->
</testng-results>
